<?xml version="1.0" encoding="UTF-8"?>
<!-- Generated by org.testng.reporters.JUnitXMLReporter -->
<testsuite hostname="Cypo" tests="13" failures="0" timestamp="16 Dec 2016 14:20:37 GMT" time="4.367" errors="0">
  <testcase name="createFindDeleteTest" time="0.169" classname="MachineDaoTest"/>
  <testcase name="testCreate" time="0.0" classname="MachineDaoTest"/>
  <testcase name="testNullName" time="0.016" classname="MachineDaoTest"/>
  <testcase name="testUpdate" time="0.0" classname="MachineDaoTest"/>
  <testcase name="testfindById" time="0.0" classname="MachineDaoTest"/>
  <testcase name="testCreate" time="0.015" classname="UserDaoTest"/>
  <testcase name="testEmailBadPattern" time="0.022" classname="UserDaoTest"/>
  <testcase name="testFindAll" time="0.016" classname="UserDaoTest"/>
  <testcase name="testFindByEmail" time="0.016" classname="UserDaoTest"/>
  <testcase name="testNullEmail" time="0.0" classname="UserDaoTest"/>
  <testcase name="testUpdate" time="0.0" classname="UserDaoTest"/>
  <testcase name="testcreateFindDelete" time="0.023" classname="UserDaoTest"/>
  <testcase name="testfindById" time="0.005" classname="UserDaoTest"/>
</testsuite>
