<?xml version="1.0" encoding="UTF-8"?>
<!-- Generated by org.testng.reporters.JUnitXMLReporter -->
<testsuite hostname="Cypo" tests="13" failures="0" timestamp="16 Dec 2016 13:56:00 GMT" time="4.12" errors="0">
  <testcase name="createFindDeleteTest" time="0.201" classname="MachineDaoTest"/>
  <testcase name="testCreate" time="0.003" classname="MachineDaoTest"/>
  <testcase name="testNullName" time="0.012" classname="MachineDaoTest"/>
  <testcase name="testUpdate" time="0.007" classname="MachineDaoTest"/>
  <testcase name="testfindById" time="0.003" classname="MachineDaoTest"/>
  <testcase name="testCreate" time="0.004" classname="UserDaoTest"/>
  <testcase name="testEmailBadPattern" time="0.017" classname="UserDaoTest"/>
  <testcase name="testFindAll" time="0.012" classname="UserDaoTest"/>
  <testcase name="testFindByEmail" time="0.022" classname="UserDaoTest"/>
  <testcase name="testNullEmail" time="0.003" classname="UserDaoTest"/>
  <testcase name="testUpdate" time="0.004" classname="UserDaoTest"/>
  <testcase name="testcreateFindDelete" time="0.011" classname="UserDaoTest"/>
  <testcase name="testfindById" time="0.003" classname="UserDaoTest"/>
</testsuite>
