<?xml version="1.0" encoding="UTF-8" ?>
<testsuite tests="13" failures="0" name="TestSuite" time="6.733" errors="0" skipped="0">
  <properties>
[...]
</properties>
  <testcase classname="MachineDaoTest" name="createFindDeleteTest" time="0.239"/>
  <testcase classname="MachineDaoTest" name="testCreate" time="0"/>
  <testcase classname="MachineDaoTest" name="testNullName" time="0.011"/>
  <testcase classname="MachineDaoTest" name="testUpdate" time="0.006"/>
  <testcase classname="MachineDaoTest" name="testfindById" time="0.005"/>
  <testcase classname="UserDaoTest" name="testCreate" time="0.006"/>
  <testcase classname="UserDaoTest" name="testEmailBadPattern" time="0.031"/>
  <testcase classname="UserDaoTest" name="testFindAll" time="0.015"/>
  <testcase classname="UserDaoTest" name="testFindByEmail" time="0.009"/>
  <testcase classname="UserDaoTest" name="testNullEmail" time="0.006"/>
  <testcase classname="UserDaoTest" name="testUpdate" time="0.005"/>
  <testcase classname="UserDaoTest" name="testcreateFindDelete" time="0.015"/>
  <testcase classname="UserDaoTest" name="testfindById" time="0"/>
</testsuite>